Determining if the pthread_create exist failed with the following output:
Change Dir: /home/pi/Desktop/w9s1_slam/build/CMakeFiles/CMakeTmp

Run Build Command:"/usr/bin/make" "cmTC_b3870/fast"
/usr/bin/make -f CMakeFiles/cmTC_b3870.dir/build.make CMakeFiles/cmTC_b3870.dir/build
make[1]: Entering directory '/home/pi/Desktop/w9s1_slam/build/CMakeFiles/CMakeTmp'
Building C object CMakeFiles/cmTC_b3870.dir/CheckSymbolExists.c.o
/usr/bin/cc     -o CMakeFiles/cmTC_b3870.dir/CheckSymbolExists.c.o   -c /home/pi/Desktop/w9s1_slam/build/CMakeFiles/CMakeTmp/CheckSymbolExists.c
Linking C executable cmTC_b3870
/usr/bin/cmake -E cmake_link_script CMakeFiles/cmTC_b3870.dir/link.txt --verbose=1
/usr/bin/cc       CMakeFiles/cmTC_b3870.dir/CheckSymbolExists.c.o  -o cmTC_b3870 -rdynamic 
CMakeFiles/cmTC_b3870.dir/CheckSymbolExists.c.o: In function `main':
CheckSymbolExists.c:(.text+0x38): undefined reference to `pthread_create'
collect2: error: ld returned 1 exit status
CMakeFiles/cmTC_b3870.dir/build.make:97: recipe for target 'cmTC_b3870' failed
make[1]: *** [cmTC_b3870] Error 1
make[1]: Leaving directory '/home/pi/Desktop/w9s1_slam/build/CMakeFiles/CMakeTmp'
Makefile:126: recipe for target 'cmTC_b3870/fast' failed
make: *** [cmTC_b3870/fast] Error 2

File /home/pi/Desktop/w9s1_slam/build/CMakeFiles/CMakeTmp/CheckSymbolExists.c:
/* */
#include <pthread.h>

int main(int argc, char** argv)
{
  (void)argv;
#ifndef pthread_create
  return ((int*)(&pthread_create))[argc];
#else
  (void)argc;
  return 0;
#endif
}

Determining if the function pthread_create exists in the pthreads failed with the following output:
Change Dir: /home/pi/Desktop/w9s1_slam/build/CMakeFiles/CMakeTmp

Run Build Command:"/usr/bin/make" "cmTC_86ccf/fast"
/usr/bin/make -f CMakeFiles/cmTC_86ccf.dir/build.make CMakeFiles/cmTC_86ccf.dir/build
make[1]: Entering directory '/home/pi/Desktop/w9s1_slam/build/CMakeFiles/CMakeTmp'
Building C object CMakeFiles/cmTC_86ccf.dir/CheckFunctionExists.c.o
/usr/bin/cc    -DCHECK_FUNCTION_EXISTS=pthread_create   -o CMakeFiles/cmTC_86ccf.dir/CheckFunctionExists.c.o   -c /usr/share/cmake-3.7/Modules/CheckFunctionExists.c
Linking C executable cmTC_86ccf
/usr/bin/cmake -E cmake_link_script CMakeFiles/cmTC_86ccf.dir/link.txt --verbose=1
/usr/bin/cc   -DCHECK_FUNCTION_EXISTS=pthread_create    CMakeFiles/cmTC_86ccf.dir/CheckFunctionExists.c.o  -o cmTC_86ccf -rdynamic -lpthreads 
/usr/bin/ld: cannot find -lpthreads
collect2: error: ld returned 1 exit status
CMakeFiles/cmTC_86ccf.dir/build.make:97: recipe for target 'cmTC_86ccf' failed
make[1]: *** [cmTC_86ccf] Error 1
make[1]: Leaving directory '/home/pi/Desktop/w9s1_slam/build/CMakeFiles/CMakeTmp'
Makefile:126: recipe for target 'cmTC_86ccf/fast' failed
make: *** [cmTC_86ccf/fast] Error 2


Determining if the Q_WS_WIN exist failed with the following output:
Change Dir: /home/pi/Desktop/w9s1_slam/build/CMakeFiles/CMakeTmp

Run Build Command:"/usr/bin/make" "cmTC_4658d/fast"
/usr/bin/make -f CMakeFiles/cmTC_4658d.dir/build.make CMakeFiles/cmTC_4658d.dir/build
make[1]: Entering directory '/home/pi/Desktop/w9s1_slam/build/CMakeFiles/CMakeTmp'
Building CXX object CMakeFiles/cmTC_4658d.dir/CheckSymbolExists.cxx.o
/usr/bin/c++    -I/usr/include/qt4   -o CMakeFiles/cmTC_4658d.dir/CheckSymbolExists.cxx.o -c /home/pi/Desktop/w9s1_slam/build/CMakeFiles/CMakeTmp/CheckSymbolExists.cxx
/home/pi/Desktop/w9s1_slam/build/CMakeFiles/CMakeTmp/CheckSymbolExists.cxx: In function ‘int main(int, char**)’:
/home/pi/Desktop/w9s1_slam/build/CMakeFiles/CMakeTmp/CheckSymbolExists.cxx:8:19: error: ‘Q_WS_WIN’ was not declared in this scope
   return ((int*)(&Q_WS_WIN))[argc];
                   ^~~~~~~~
CMakeFiles/cmTC_4658d.dir/build.make:65: recipe for target 'CMakeFiles/cmTC_4658d.dir/CheckSymbolExists.cxx.o' failed
make[1]: *** [CMakeFiles/cmTC_4658d.dir/CheckSymbolExists.cxx.o] Error 1
make[1]: Leaving directory '/home/pi/Desktop/w9s1_slam/build/CMakeFiles/CMakeTmp'
Makefile:126: recipe for target 'cmTC_4658d/fast' failed
make: *** [cmTC_4658d/fast] Error 2

File /home/pi/Desktop/w9s1_slam/build/CMakeFiles/CMakeTmp/CheckSymbolExists.cxx:
/* */
#include <QtCore/qglobal.h>

int main(int argc, char** argv)
{
  (void)argv;
#ifndef Q_WS_WIN
  return ((int*)(&Q_WS_WIN))[argc];
#else
  (void)argc;
  return 0;
#endif
}

Determining if the Q_WS_QWS exist failed with the following output:
Change Dir: /home/pi/Desktop/w9s1_slam/build/CMakeFiles/CMakeTmp

Run Build Command:"/usr/bin/make" "cmTC_f50ca/fast"
/usr/bin/make -f CMakeFiles/cmTC_f50ca.dir/build.make CMakeFiles/cmTC_f50ca.dir/build
make[1]: Entering directory '/home/pi/Desktop/w9s1_slam/build/CMakeFiles/CMakeTmp'
Building CXX object CMakeFiles/cmTC_f50ca.dir/CheckSymbolExists.cxx.o
/usr/bin/c++    -I/usr/include/qt4   -o CMakeFiles/cmTC_f50ca.dir/CheckSymbolExists.cxx.o -c /home/pi/Desktop/w9s1_slam/build/CMakeFiles/CMakeTmp/CheckSymbolExists.cxx
/home/pi/Desktop/w9s1_slam/build/CMakeFiles/CMakeTmp/CheckSymbolExists.cxx: In function ‘int main(int, char**)’:
/home/pi/Desktop/w9s1_slam/build/CMakeFiles/CMakeTmp/CheckSymbolExists.cxx:8:19: error: ‘Q_WS_QWS’ was not declared in this scope
   return ((int*)(&Q_WS_QWS))[argc];
                   ^~~~~~~~
CMakeFiles/cmTC_f50ca.dir/build.make:65: recipe for target 'CMakeFiles/cmTC_f50ca.dir/CheckSymbolExists.cxx.o' failed
make[1]: *** [CMakeFiles/cmTC_f50ca.dir/CheckSymbolExists.cxx.o] Error 1
make[1]: Leaving directory '/home/pi/Desktop/w9s1_slam/build/CMakeFiles/CMakeTmp'
Makefile:126: recipe for target 'cmTC_f50ca/fast' failed
make: *** [cmTC_f50ca/fast] Error 2

File /home/pi/Desktop/w9s1_slam/build/CMakeFiles/CMakeTmp/CheckSymbolExists.cxx:
/* */
#include <QtCore/qglobal.h>

int main(int argc, char** argv)
{
  (void)argv;
#ifndef Q_WS_QWS
  return ((int*)(&Q_WS_QWS))[argc];
#else
  (void)argc;
  return 0;
#endif
}

Determining if the Q_WS_MAC exist failed with the following output:
Change Dir: /home/pi/Desktop/w9s1_slam/build/CMakeFiles/CMakeTmp

Run Build Command:"/usr/bin/make" "cmTC_76040/fast"
/usr/bin/make -f CMakeFiles/cmTC_76040.dir/build.make CMakeFiles/cmTC_76040.dir/build
make[1]: Entering directory '/home/pi/Desktop/w9s1_slam/build/CMakeFiles/CMakeTmp'
Building CXX object CMakeFiles/cmTC_76040.dir/CheckSymbolExists.cxx.o
/usr/bin/c++    -I/usr/include/qt4   -o CMakeFiles/cmTC_76040.dir/CheckSymbolExists.cxx.o -c /home/pi/Desktop/w9s1_slam/build/CMakeFiles/CMakeTmp/CheckSymbolExists.cxx
/home/pi/Desktop/w9s1_slam/build/CMakeFiles/CMakeTmp/CheckSymbolExists.cxx: In function ‘int main(int, char**)’:
/home/pi/Desktop/w9s1_slam/build/CMakeFiles/CMakeTmp/CheckSymbolExists.cxx:8:19: error: ‘Q_WS_MAC’ was not declared in this scope
   return ((int*)(&Q_WS_MAC))[argc];
                   ^~~~~~~~
CMakeFiles/cmTC_76040.dir/build.make:65: recipe for target 'CMakeFiles/cmTC_76040.dir/CheckSymbolExists.cxx.o' failed
make[1]: *** [CMakeFiles/cmTC_76040.dir/CheckSymbolExists.cxx.o] Error 1
make[1]: Leaving directory '/home/pi/Desktop/w9s1_slam/build/CMakeFiles/CMakeTmp'
Makefile:126: recipe for target 'cmTC_76040/fast' failed
make: *** [cmTC_76040/fast] Error 2

File /home/pi/Desktop/w9s1_slam/build/CMakeFiles/CMakeTmp/CheckSymbolExists.cxx:
/* */
#include <QtCore/qglobal.h>

int main(int argc, char** argv)
{
  (void)argv;
#ifndef Q_WS_MAC
  return ((int*)(&Q_WS_MAC))[argc];
#else
  (void)argc;
  return 0;
#endif
}

